TN:
SF:src/app.ts
FNF:0
FNH:0
DA:1,0
DA:2,0
DA:3,0
DA:4,0
DA:5,0
DA:7,0
DA:9,0
DA:11,0
DA:18,0
DA:19,0
DA:20,0
DA:22,0
LF:12
LH:0
BRF:0
BRH:0
end_of_record
TN:
SF:src/data-source.ts
FNF:0
FNH:0
DA:1,2
DA:2,2
DA:3,2
DA:5,2
LF:4
LH:4
BRF:0
BRH:0
end_of_record
TN:
SF:src/jest.config.ts
FNF:0
FNH:0
DA:3,0
DA:17,0
LF:2
LH:0
BRF:0
BRH:0
end_of_record
TN:
SF:src/server.ts
FN:7,(anonymous_1)
FN:12,(anonymous_2)
FN:16,(anonymous_3)
FNF:3
FNH:0
FNDA:0,(anonymous_1)
FNDA:0,(anonymous_2)
FNDA:0,(anonymous_3)
DA:1,0
DA:2,0
DA:3,0
DA:4,0
DA:6,0
DA:8,0
DA:10,0
DA:12,0
DA:13,0
DA:17,0
LF:10
LH:0
BRF:0
BRH:0
end_of_record
TN:
SF:src/controller/AuthController.ts
FN:8,(anonymous_1)
FN:30,(anonymous_2)
FNF:2
FNH:1
FNDA:0,(anonymous_1)
FNDA:3,(anonymous_2)
DA:2,1
DA:3,1
DA:4,1
DA:5,1
DA:7,1
DA:9,0
DA:10,0
DA:12,0
DA:13,0
DA:15,0
DA:20,0
DA:22,0
DA:23,0
DA:24,0
DA:25,0
DA:27,0
DA:31,3
DA:33,3
DA:34,3
DA:36,3
DA:37,1
DA:40,2
DA:41,2
DA:42,1
DA:45,1
DA:47,1
DA:48,0
DA:51,0
DA:56,1
DA:62,1
LF:30
LH:17
BRDA:12,0,0,0
BRDA:12,0,1,0
BRDA:36,1,0,1
BRDA:41,2,0,1
BRDA:47,3,0,0
BRF:5
BRH:2
end_of_record
TN:
SF:src/controller/ClientController.ts
FN:6,(anonymous_0)
FN:21,(anonymous_1)
FN:52,(anonymous_2)
FN:58,(anonymous_3)
FNF:4
FNH:3
FNDA:2,(anonymous_0)
FNDA:3,(anonymous_1)
FNDA:0,(anonymous_2)
FNDA:2,(anonymous_3)
DA:2,1
DA:3,1
DA:5,1
DA:7,2
DA:8,2
DA:9,2
DA:11,2
DA:12,1
DA:13,1
DA:16,1
DA:17,1
DA:18,1
DA:22,3
DA:23,3
DA:24,3
DA:25,3
DA:27,3
DA:28,1
DA:29,1
DA:32,2
DA:33,2
DA:35,2
DA:36,1
DA:39,1
DA:43,1
DA:44,1
DA:45,1
DA:46,1
DA:48,1
DA:49,1
DA:53,0
DA:54,0
DA:55,0
DA:59,2
DA:60,2
DA:61,2
DA:63,2
DA:64,1
DA:65,1
DA:68,1
DA:69,1
LF:41
LH:38
BRDA:11,0,0,1
BRDA:27,1,0,1
BRDA:32,2,0,2
BRDA:32,3,0,2
BRDA:32,3,1,2
BRDA:35,4,0,1
BRDA:35,5,0,2
BRDA:35,5,1,2
BRDA:43,6,0,1
BRDA:43,6,1,0
BRDA:44,7,0,1
BRDA:44,7,1,0
BRDA:45,8,0,1
BRDA:45,8,1,1
BRDA:46,9,0,1
BRDA:46,9,1,1
BRDA:63,10,0,1
BRF:17
BRH:15
end_of_record
TN:
SF:src/entity/Client.ts
FN:20,(anonymous_2)
FNF:1
FNH:0
FNDA:0,(anonymous_2)
DA:1,2
DA:4,2
DA:6,2
DA:9,2
DA:12,2
DA:15,2
DA:18,2
DA:21,0
DA:22,0
DA:23,0
DA:24,0
LF:11
LH:7
BRF:0
BRH:0
end_of_record
TN:
SF:src/entity/User.ts
FN:14,(anonymous_2)
FNF:1
FNH:0
FNDA:0,(anonymous_2)
DA:1,2
DA:4,2
DA:6,2
DA:9,2
DA:12,2
DA:15,0
DA:16,0
LF:7
LH:5
BRF:0
BRH:0
end_of_record
TN:
SF:src/middleware/auth-middleware.ts
FN:9,authMiddleware
FNF:1
FNH:1
FNDA:5,authMiddleware
DA:2,1
DA:9,1
DA:14,5
DA:16,5
DA:17,1
DA:18,1
DA:21,4
DA:22,4
DA:24,4
DA:25,1
DA:28,1
DA:29,1
DA:32,3
DA:34,2
DA:35,1
DA:38,1
DA:41,1
DA:42,1
DA:44,1
LF:19
LH:19
BRDA:16,0,0,1
BRDA:24,1,0,1
BRDA:34,2,0,1
BRF:3
BRH:3
end_of_record
TN:
SF:src/routes/auth-routes.ts
FN:6,(anonymous_0)
FNF:1
FNH:0
FNDA:0,(anonymous_0)
DA:1,0
DA:2,0
DA:4,0
DA:6,0
DA:7,0
DA:8,0
DA:10,0
DA:14,0
LF:8
LH:0
BRF:0
BRH:0
end_of_record
TN:
SF:src/routes/client-routes.ts
FN:7,(anonymous_0)
FN:15,(anonymous_1)
FN:23,(anonymous_2)
FN:31,(anonymous_3)
FNF:4
FNH:0
FNDA:0,(anonymous_0)
FNDA:0,(anonymous_1)
FNDA:0,(anonymous_2)
FNDA:0,(anonymous_3)
DA:1,0
DA:2,0
DA:3,0
DA:5,0
DA:7,0
DA:8,0
DA:9,0
DA:11,0
DA:15,0
DA:16,0
DA:17,0
DA:19,0
DA:23,0
DA:24,0
DA:25,0
DA:27,0
DA:31,0
DA:32,0
DA:33,0
DA:35,0
DA:39,0
LF:21
LH:0
BRF:0
BRH:0
end_of_record
